2023-10-26 13:19:55 [I] Loaded previous session
2023-10-26 13:19:55 [D] WTelegramClient 3.5.6 running under .NET Framework 4.8.4180.0
2023-10-26 13:19:55 [I] Connecting to 149.154.167.41:443...
2023-10-26 13:19:55 [D] 2>Sending   InvokeWithLayer`1                        #D423
2023-10-26 13:19:55 [D] 2>Receiving MsgContainer                             2023-10-26 10:19:55Z (svc)
2023-10-26 13:19:55 [D]             → NewSessionCreated                      2023-10-26 10:19:55Z  
2023-10-26 13:19:55 [D]             → MsgsAck                                2023-10-26 10:19:55Z (svc) 
2023-10-26 13:19:56 [D] 2>Receiving RpcResult                                2023-10-26 10:19:55Z
2023-10-26 13:19:56 [D]              → Config                                #D423
2023-10-26 13:19:56 [I] Connected to DC 2... default_p2p_contacts, revoke_pm_inbox
2023-10-26 13:19:56 [D] 2>Sending   MsgContainer                             2023-10-26 10:19:55Z (svc)
2023-10-26 13:19:56 [D]             → Users_GetUsers                         #43F9
2023-10-26 13:19:56 [D]             → MsgsAck                               
2023-10-26 13:19:56 [D] 2>Receiving RpcResult                                2023-10-26 10:19:55Z
2023-10-26 13:19:56 [D]              → UserBase[]                            #43F9
2023-10-26 13:19:56 [D] 2>Sending   MsgContainer                             2023-10-26 10:19:55Z (svc)
2023-10-26 13:19:56 [D]             → Messages_GetDialogs                    #5D1D
2023-10-26 13:19:56 [D]             → MsgsAck                               
2023-10-26 13:19:56 [D] 2>Receiving RpcResult                                2023-10-26 10:19:55Z
2023-10-26 13:19:56 [D]              → Messages_Dialogs                      #5D1D
2023-10-26 13:20:32 [I] 2>Disposing the client
2023-10-26 13:21:45 [I] Loaded previous session
2023-10-26 13:21:45 [D] WTelegramClient 3.5.6 running under .NET Framework 4.8.4180.0
2023-10-26 13:21:45 [I] Connecting to 149.154.167.41:443...
2023-10-26 13:21:45 [D] 2>Sending   InvokeWithLayer`1                        #C01E
2023-10-26 13:21:45 [D] 2>Receiving MsgContainer                             2023-10-26 10:21:45Z (svc)
2023-10-26 13:21:45 [D]             → MsgDetailedInfo                        2023-10-26 10:21:45Z (svc) 
2023-10-26 13:21:45 [D]             → Updates                                2023-10-26 10:21:45Z  
2023-10-26 13:21:45 [D]             → Updates                                2023-10-26 10:21:45Z  
2023-10-26 13:21:45 [D]             → MsgsAck                                2023-10-26 10:21:45Z (svc) 
2023-10-26 13:21:45 [D] 2>Receiving Updates                                  2023-10-26 10:21:45Z  
2023-10-26 13:21:45 [D] 2>Receiving Updates                                  2023-10-26 10:21:45Z  
2023-10-26 13:21:45 [D] 2>Receiving Updates                                  2023-10-26 10:21:45Z  
2023-10-26 13:21:45 [D] 2>Receiving Updates                                  2023-10-26 10:21:45Z  
2023-10-26 13:21:45 [D] 2>Receiving RpcResult                                2023-10-26 10:21:45Z
2023-10-26 13:21:45 [D]              → Config                                #C01E
2023-10-26 13:21:45 [I] Connected to DC 2... default_p2p_contacts, revoke_pm_inbox
2023-10-26 13:21:45 [D] 2>Sending   MsgContainer                             2023-10-26 10:21:45Z (svc)
2023-10-26 13:21:45 [D]             → Users_GetUsers                         #E2FB
2023-10-26 13:21:45 [D]             → MsgsAck                               
2023-10-26 13:21:45 [D] 2>Receiving RpcResult                                2023-10-26 10:21:45Z
2023-10-26 13:21:45 [D]              → UserBase[]                            #E2FB
2023-10-26 13:21:45 [D] 2>Sending   MsgContainer                             2023-10-26 10:21:45Z (svc)
2023-10-26 13:21:45 [D]             → Messages_GetDialogs                    #BE5B
2023-10-26 13:21:45 [D]             → MsgsAck                               
2023-10-26 13:21:46 [D] 2>Receiving RpcResult                                2023-10-26 10:21:45Z
2023-10-26 13:21:46 [D]              → Messages_Dialogs                      #BE5B
2023-10-26 13:22:01 [!] 2>An exception occured in the reactor: System.IO.IOException: Не удается прочитать данные из транспортного соединения: Сделана попытка выполнить операцию на сокете при отключенной сети. ---> System.Net.Sockets.SocketException: Сделана попытка выполнить операцию на сокете при отключенной сети
   в System.Net.Sockets.Socket.EndReceive(IAsyncResult asyncResult)
   в System.Net.Sockets.NetworkStream.EndRead(IAsyncResult asyncResult)
   --- Конец трассировки внутреннего стека исключений ---
   в System.Net.Sockets.NetworkStream.EndRead(IAsyncResult asyncResult)
   в System.IO.Stream.<>c.<BeginEndReadAsync>b__43_1(Stream stream, IAsyncResult asyncResult)
   в System.Threading.Tasks.TaskFactory`1.FromAsyncTrimPromise`1.Complete(TInstance thisRef, Func`3 endMethod, IAsyncResult asyncResult, Boolean requiresSynchronization)
--- Конец трассировка стека из предыдущего расположения, где возникло исключение ---
   в System.Runtime.CompilerServices.TaskAwaiter.ThrowForNonSuccess(Task task)
   в System.Runtime.CompilerServices.TaskAwaiter.HandleNonSuccessAndDebuggerNotification(Task task)
   в WTelegram.Helpers.<FullReadAsync>d__9.MoveNext()
--- Конец трассировка стека из предыдущего расположения, где возникло исключение ---
   в System.Runtime.CompilerServices.TaskAwaiter.ThrowForNonSuccess(Task task)
   в System.Runtime.CompilerServices.TaskAwaiter.HandleNonSuccessAndDebuggerNotification(Task task)
   в WTelegram.Client.<Reactor>d__90.MoveNext()
2023-10-26 13:22:07 [I] Connecting to 149.154.167.41:443...
2023-10-26 13:22:28 [E] SocketException TimedOut (10060): Попытка установить соединение была безуспешной, т.к. от другого компьютера за требуемое время не получен нужный отклик, или было разорвано уже установленное соединение из-за неверного отклика уже подключенного компьютера 149.154.167.41:443
2023-10-26 13:22:28 [I] Connecting to [2001:67c:4e8:f002::a]:443...
2023-10-26 13:22:28 [I] 2>Disposing the client
2023-10-26 13:32:46 [I] Loaded previous session
2023-10-26 13:32:46 [D] WTelegramClient 3.5.6 running under .NET Framework 4.8.4180.0
2023-10-26 13:32:46 [I] Connecting to 149.154.167.41:443...
2023-10-26 13:32:46 [D] 2>Sending   InvokeWithLayer`1                        #A938
2023-10-26 13:32:47 [D] 2>Receiving MsgContainer                             2023-10-26 10:32:47Z (svc)
2023-10-26 13:32:47 [D]             → UpdateShort                            2023-10-26 10:23:02Z  
2023-10-26 13:32:47 [D]             → UpdateShortMessage                     2023-10-26 10:23:15Z  
2023-10-26 13:32:47 [D]             → UpdateShort                            2023-10-26 10:23:22Z  
2023-10-26 13:32:47 [D]             → UpdateShort                            2023-10-26 10:23:22Z  
2023-10-26 13:32:47 [D]             → Updates                                2023-10-26 10:23:23Z  
2023-10-26 13:32:47 [D]             → UpdateShort                            2023-10-26 10:23:25Z  
2023-10-26 13:32:47 [D]             → UpdateShort                            2023-10-26 10:23:27Z  
2023-10-26 13:32:47 [D]             → Updates                                2023-10-26 10:23:28Z  
2023-10-26 13:32:47 [D]             → UpdateShort                            2023-10-26 10:23:30Z  
2023-10-26 13:32:47 [D]             → UpdateShort                            2023-10-26 10:25:21Z  
2023-10-26 13:32:47 [D]             → MsgsAck                                2023-10-26 10:32:47Z (svc) 
2023-10-26 13:32:47 [D] 2>Receiving MsgContainer                             2023-10-26 10:32:47Z (svc)
2023-10-26 13:32:47 [D]             → Updates                                2023-10-26 10:25:21Z  
2023-10-26 13:32:47 [D]             → Updates                                2023-10-26 10:25:21Z  
2023-10-26 13:32:47 [D] 2>Receiving MsgContainer                             2023-10-26 10:32:47Z (svc)
2023-10-26 13:32:47 [D]             → Updates                                2023-10-26 10:25:21Z  
2023-10-26 13:32:47 [D]             → UpdateShort                            2023-10-26 10:25:32Z  
2023-10-26 13:32:47 [D]             → UpdateShort                            2023-10-26 10:26:21Z  
2023-10-26 13:32:47 [D]             → Updates                                2023-10-26 10:26:21Z  
2023-10-26 13:32:47 [D] 2>Receiving MsgContainer                             2023-10-26 10:32:47Z (svc)
2023-10-26 13:32:47 [D]             → Updates                                2023-10-26 10:26:21Z  
2023-10-26 13:32:47 [D]             → UpdateShort                            2023-10-26 10:26:43Z  
2023-10-26 13:32:47 [D]             → UpdateShort                            2023-10-26 10:27:56Z  
2023-10-26 13:32:47 [D]             → UpdateShort                            2023-10-26 10:28:24Z  
2023-10-26 13:32:47 [D]             → Updates                                2023-10-26 10:28:24Z  
2023-10-26 13:32:47 [D]             → Updates                                2023-10-26 10:28:24Z  
2023-10-26 13:32:47 [D]             → UpdateShort                            2023-10-26 10:30:17Z  
2023-10-26 13:32:47 [D]             → UpdateShort                            2023-10-26 10:32:07Z  
2023-10-26 13:32:47 [D] 2>Receiving MsgContainer                             2023-10-26 10:32:47Z (svc)
2023-10-26 13:32:47 [D]             → Updates                                2023-10-26 10:32:07Z  
2023-10-26 13:32:47 [D]             → UpdateShort                            2023-10-26 10:32:27Z  
2023-10-26 13:32:47 [D]             → MsgDetailedInfo                        2023-10-26 10:32:47Z (svc) 
2023-10-26 13:32:47 [D]             → MsgDetailedInfo                        2023-10-26 10:32:47Z (svc) 
2023-10-26 13:32:47 [D]             → MsgNewDetailedInfo                     2023-10-26 10:32:47Z (svc) 
2023-10-26 13:32:47 [D]             → MsgNewDetailedInfo                     2023-10-26 10:32:47Z (svc) 
2023-10-26 13:32:47 [D]             → Updates                                2023-10-26 10:32:47Z  
2023-10-26 13:32:47 [D]             → Updates                                2023-10-26 10:32:47Z  
2023-10-26 13:32:47 [D] 2>Receiving Updates                                  2023-10-26 10:32:47Z  
2023-10-26 13:32:47 [D] 2>Receiving RpcResult                                2023-10-26 10:32:47Z
2023-10-26 13:32:47 [D]              → Config                                #A938
2023-10-26 13:32:47 [I] Connected to DC 2... default_p2p_contacts, revoke_pm_inbox
2023-10-26 13:32:47 [D] 2>Sending   MsgContainer                             2023-10-26 10:32:47Z (svc)
2023-10-26 13:32:47 [D]             → Users_GetUsers                         #A93C
2023-10-26 13:32:47 [D]             → MsgsAck                               
2023-10-26 13:32:47 [D] 2>Receiving RpcResult                                2023-10-26 10:32:47Z
2023-10-26 13:32:47 [D]              → UserBase[]                            #A93C
2023-10-26 13:32:47 [D] 2>Sending   MsgContainer                             2023-10-26 10:32:47Z (svc)
2023-10-26 13:32:47 [D]             → Messages_GetDialogs                    #A928
2023-10-26 13:32:47 [D]             → MsgsAck                               
2023-10-26 13:32:47 [D] 2>Receiving RpcResult                                2023-10-26 10:32:48Z
2023-10-26 13:32:47 [D]              → Messages_Dialogs                      #A928
2023-10-26 13:32:53 [D] 2>Receiving UpdateShort                              2023-10-26 10:32:53Z  
2023-10-26 13:32:55 [!] 2>An exception occured in the reactor: System.IO.IOException: Не удается прочитать данные из транспортного соединения: Сделана попытка выполнить операцию на сокете при отключенной сети. ---> System.Net.Sockets.SocketException: Сделана попытка выполнить операцию на сокете при отключенной сети
   в System.Net.Sockets.Socket.EndReceive(IAsyncResult asyncResult)
   в System.Net.Sockets.NetworkStream.EndRead(IAsyncResult asyncResult)
   --- Конец трассировки внутреннего стека исключений ---
   в System.Net.Sockets.NetworkStream.EndRead(IAsyncResult asyncResult)
   в System.IO.Stream.<>c.<BeginEndReadAsync>b__43_1(Stream stream, IAsyncResult asyncResult)
   в System.Threading.Tasks.TaskFactory`1.FromAsyncTrimPromise`1.Complete(TInstance thisRef, Func`3 endMethod, IAsyncResult asyncResult, Boolean requiresSynchronization)
--- Конец трассировка стека из предыдущего расположения, где возникло исключение ---
   в System.Runtime.CompilerServices.TaskAwaiter.ThrowForNonSuccess(Task task)
   в System.Runtime.CompilerServices.TaskAwaiter.HandleNonSuccessAndDebuggerNotification(Task task)
   в WTelegram.Helpers.<FullReadAsync>d__9.MoveNext()
--- Конец трассировка стека из предыдущего расположения, где возникло исключение ---
   в System.Runtime.CompilerServices.TaskAwaiter.ThrowForNonSuccess(Task task)
   в System.Runtime.CompilerServices.TaskAwaiter.HandleNonSuccessAndDebuggerNotification(Task task)
   в WTelegram.Client.<Reactor>d__90.MoveNext()
2023-10-26 13:33:01 [I] Connecting to 149.154.167.41:443...
2023-10-26 13:33:23 [E] SocketException TimedOut (10060): Попытка установить соединение была безуспешной, т.к. от другого компьютера за требуемое время не получен нужный отклик, или было разорвано уже установленное соединение из-за неверного отклика уже подключенного компьютера 149.154.167.41:443
2023-10-26 13:33:23 [I] Connecting to [2001:67c:4e8:f002::a]:443...
2023-10-26 13:34:47 [I] Loaded previous session
2023-10-26 13:34:47 [D] WTelegramClient 3.5.6 running under .NET Framework 4.8.4180.0
2023-10-26 13:34:47 [I] Connecting to 149.154.167.41:443...
2023-10-26 13:34:48 [D] 2>Sending   InvokeWithLayer`1                        #3894
2023-10-26 13:34:48 [D] 2>Receiving MsgContainer                             2023-10-26 10:34:48Z (svc)
2023-10-26 13:34:48 [D]             → UpdateShort                            2023-10-26 10:32:53Z  
2023-10-26 13:34:48 [D]             → UpdateShort                            2023-10-26 10:33:16Z  
2023-10-26 13:34:48 [D]             → UpdateShort                            2023-10-26 10:33:35Z  
2023-10-26 13:34:48 [D]             → UpdateShort                            2023-10-26 10:33:42Z  
2023-10-26 13:34:48 [D]             → UpdateShort                            2023-10-26 10:33:42Z  
2023-10-26 13:34:48 [D]             → UpdateShort                            2023-10-26 10:34:34Z  
2023-10-26 13:34:48 [D]             → MsgNewDetailedInfo                     2023-10-26 10:34:48Z (svc) 
2023-10-26 13:34:48 [D]             → MsgNewDetailedInfo                     2023-10-26 10:34:48Z (svc) 
2023-10-26 13:34:48 [D]             → MsgDetailedInfo                        2023-10-26 10:34:48Z (svc) 
2023-10-26 13:34:48 [D]             → MsgDetailedInfo                        2023-10-26 10:34:48Z (svc) 
2023-10-26 13:34:48 [D]             → MsgDetailedInfo                        2023-10-26 10:34:48Z (svc) 
2023-10-26 13:34:48 [D]             → MsgsAck                                2023-10-26 10:34:48Z (svc) 
2023-10-26 13:34:48 [D] 2>Receiving RpcResult                                2023-10-26 10:34:48Z
2023-10-26 13:34:48 [D]              → Config                                #3894
2023-10-26 13:34:48 [I] Connected to DC 2... default_p2p_contacts, revoke_pm_inbox
2023-10-26 13:34:48 [D] 2>Sending   MsgContainer                             2023-10-26 10:34:48Z (svc)
2023-10-26 13:34:48 [D]             → Users_GetUsers                         #8ED9
2023-10-26 13:34:48 [D]             → MsgsAck                               
2023-10-26 13:34:48 [D] 2>Receiving RpcResult                                2023-10-26 10:34:48Z
2023-10-26 13:34:48 [D]              → UserBase[]                            #8ED9
2023-10-26 13:34:48 [D] 2>Sending   MsgContainer                             2023-10-26 10:34:48Z (svc)
2023-10-26 13:34:48 [D]             → Messages_GetDialogs                    #F07D
2023-10-26 13:34:48 [D]             → MsgsAck                               
2023-10-26 13:34:48 [D] 2>Receiving RpcResult                                2023-10-26 10:34:49Z
2023-10-26 13:34:48 [D]              → Messages_Dialogs                      #F07D
2023-10-26 13:35:00 [!] 2>An exception occured in the reactor: System.IO.IOException: Не удается прочитать данные из транспортного соединения: Сделана попытка выполнить операцию на сокете при отключенной сети. ---> System.Net.Sockets.SocketException: Сделана попытка выполнить операцию на сокете при отключенной сети
   в System.Net.Sockets.Socket.EndReceive(IAsyncResult asyncResult)
   в System.Net.Sockets.NetworkStream.EndRead(IAsyncResult asyncResult)
   --- Конец трассировки внутреннего стека исключений ---
   в System.Net.Sockets.NetworkStream.EndRead(IAsyncResult asyncResult)
   в System.IO.Stream.<>c.<BeginEndReadAsync>b__43_1(Stream stream, IAsyncResult asyncResult)
   в System.Threading.Tasks.TaskFactory`1.FromAsyncTrimPromise`1.Complete(TInstance thisRef, Func`3 endMethod, IAsyncResult asyncResult, Boolean requiresSynchronization)
--- Конец трассировка стека из предыдущего расположения, где возникло исключение ---
   в System.Runtime.CompilerServices.TaskAwaiter.ThrowForNonSuccess(Task task)
   в System.Runtime.CompilerServices.TaskAwaiter.HandleNonSuccessAndDebuggerNotification(Task task)
   в WTelegram.Helpers.<FullReadAsync>d__9.MoveNext()
--- Конец трассировка стека из предыдущего расположения, где возникло исключение ---
   в System.Runtime.CompilerServices.TaskAwaiter.ThrowForNonSuccess(Task task)
   в System.Runtime.CompilerServices.TaskAwaiter.HandleNonSuccessAndDebuggerNotification(Task task)
   в WTelegram.Client.<Reactor>d__90.MoveNext()
2023-10-26 13:35:06 [I] Connecting to 149.154.167.41:443...
2023-10-26 13:35:27 [E] SocketException TimedOut (10060): Попытка установить соединение была безуспешной, т.к. от другого компьютера за требуемое время не получен нужный отклик, или было разорвано уже установленное соединение из-за неверного отклика уже подключенного компьютера 149.154.167.41:443
2023-10-26 13:35:27 [I] Connecting to [2001:67c:4e8:f002::a]:443...
2023-10-26 13:36:17 [I] Loaded previous session
2023-10-26 13:36:17 [D] WTelegramClient 3.5.6 running under .NET Framework 4.8.4180.0
2023-10-26 13:36:17 [I] Connecting to 149.154.167.41:443...
2023-10-26 13:36:17 [D] 2>Sending   InvokeWithLayer`1                        #9AAE
2023-10-26 13:36:17 [D] 2>Receiving MsgContainer                             2023-10-26 10:36:17Z (svc)
2023-10-26 13:36:17 [D]             → UpdateShortMessage                     2023-10-26 10:36:13Z  
2023-10-26 13:36:17 [D]             → MsgNewDetailedInfo                     2023-10-26 10:36:17Z (svc) 
2023-10-26 13:36:17 [D]             → MsgNewDetailedInfo                     2023-10-26 10:36:17Z (svc) 
2023-10-26 13:36:17 [D]             → MsgDetailedInfo                        2023-10-26 10:36:17Z (svc) 
2023-10-26 13:36:17 [D]             → MsgDetailedInfo                        2023-10-26 10:36:17Z (svc) 
2023-10-26 13:36:17 [D]             → MsgDetailedInfo                        2023-10-26 10:36:17Z (svc) 
2023-10-26 13:36:17 [D]             → MsgDetailedInfo                        2023-10-26 10:36:17Z (svc) 
2023-10-26 13:36:17 [D]             → MsgsAck                                2023-10-26 10:36:17Z (svc) 
2023-10-26 13:36:17 [D] 2>Receiving RpcResult                                2023-10-26 10:36:17Z
2023-10-26 13:36:17 [D]              → Config                                #9AAE
2023-10-26 13:36:17 [I] Connected to DC 2... default_p2p_contacts, revoke_pm_inbox
2023-10-26 13:36:17 [D] 2>Sending   MsgContainer                             2023-10-26 10:36:17Z (svc)
2023-10-26 13:36:17 [D]             → Users_GetUsers                         #C7A7
2023-10-26 13:36:17 [D]             → MsgsAck                               
2023-10-26 13:36:17 [D] 2>Receiving RpcResult                                2023-10-26 10:36:17Z
2023-10-26 13:36:17 [D]              → UserBase[]                            #C7A7
2023-10-26 13:36:17 [D] 2>Sending   MsgContainer                             2023-10-26 10:36:17Z (svc)
2023-10-26 13:36:17 [D]             → Messages_GetDialogs                    #1047
2023-10-26 13:36:17 [D]             → MsgsAck                               
2023-10-26 13:36:17 [D] 2>Receiving RpcResult                                2023-10-26 10:36:17Z
2023-10-26 13:36:17 [D]              → Messages_Dialogs                      #1047
2023-10-26 13:36:30 [!] 2>An exception occured in the reactor: System.IO.IOException: Не удается прочитать данные из транспортного соединения: Сделана попытка выполнить операцию на сокете при отключенной сети. ---> System.Net.Sockets.SocketException: Сделана попытка выполнить операцию на сокете при отключенной сети
   в System.Net.Sockets.Socket.EndReceive(IAsyncResult asyncResult)
   в System.Net.Sockets.NetworkStream.EndRead(IAsyncResult asyncResult)
   --- Конец трассировки внутреннего стека исключений ---
   в System.Net.Sockets.NetworkStream.EndRead(IAsyncResult asyncResult)
   в System.IO.Stream.<>c.<BeginEndReadAsync>b__43_1(Stream stream, IAsyncResult asyncResult)
   в System.Threading.Tasks.TaskFactory`1.FromAsyncTrimPromise`1.Complete(TInstance thisRef, Func`3 endMethod, IAsyncResult asyncResult, Boolean requiresSynchronization)
--- Конец трассировка стека из предыдущего расположения, где возникло исключение ---
   в System.Runtime.CompilerServices.TaskAwaiter.ThrowForNonSuccess(Task task)
   в System.Runtime.CompilerServices.TaskAwaiter.HandleNonSuccessAndDebuggerNotification(Task task)
   в WTelegram.Helpers.<FullReadAsync>d__9.MoveNext()
--- Конец трассировка стека из предыдущего расположения, где возникло исключение ---
   в System.Runtime.CompilerServices.TaskAwaiter.ThrowForNonSuccess(Task task)
   в System.Runtime.CompilerServices.TaskAwaiter.HandleNonSuccessAndDebuggerNotification(Task task)
   в WTelegram.Client.<Reactor>d__90.MoveNext()
2023-10-26 13:36:36 [I] Connecting to 149.154.167.41:443...
2023-10-26 13:36:57 [E] SocketException TimedOut (10060): Попытка установить соединение была безуспешной, т.к. от другого компьютера за требуемое время не получен нужный отклик, или было разорвано уже установленное соединение из-за неверного отклика уже подключенного компьютера 149.154.167.41:443
2023-10-26 13:36:57 [I] Connecting to [2001:67c:4e8:f002::a]:443...
2023-10-26 13:37:04 [I] Loaded previous session
2023-10-26 13:37:04 [D] WTelegramClient 3.5.6 running under .NET Framework 4.8.4180.0
2023-10-26 13:37:04 [I] Connecting to 149.154.167.41:443...
2023-10-26 13:37:25 [E] SocketException TimedOut (10060): Попытка установить соединение была безуспешной, т.к. от другого компьютера за требуемое время не получен нужный отклик, или было разорвано уже установленное соединение из-за неверного отклика уже подключенного компьютера 149.154.167.41:443
2023-10-26 13:37:25 [I] Connecting to [2001:67c:4e8:f002::a]:443...
2023-10-26 13:39:20 [I] Loaded previous session
2023-10-26 13:39:20 [D] WTelegramClient 3.5.6 running under .NET Framework 4.8.4180.0
2023-10-26 13:39:44 [I] Connecting to 149.154.167.41:443...
2023-10-26 13:40:05 [E] SocketException TimedOut (10060): Попытка установить соединение была безуспешной, т.к. от другого компьютера за требуемое время не получен нужный отклик, или было разорвано уже установленное соединение из-за неверного отклика уже подключенного компьютера 149.154.167.41:443
2023-10-26 13:40:05 [I] Connecting to [2001:67c:4e8:f002::a]:443...
2023-10-26 13:40:38 [I] Loaded previous session
2023-10-26 13:40:38 [D] WTelegramClient 3.5.6 running under .NET Framework 4.8.4180.0
2023-10-26 13:40:38 [I] Connecting to 149.154.167.41:443...
2023-10-26 13:40:38 [D] 2>Sending   InvokeWithLayer`1                        #FAC0
2023-10-26 13:40:39 [D] 2>Receiving MsgContainer                             2023-10-26 10:40:39Z (svc)
2023-10-26 13:40:39 [D]             → UpdateShort                            2023-10-26 10:36:51Z  
2023-10-26 13:40:39 [D]             → UpdateShort                            2023-10-26 10:37:03Z  
2023-10-26 13:40:39 [D]             → UpdateShort                            2023-10-26 10:37:06Z  
2023-10-26 13:40:39 [D]             → UpdateShort                            2023-10-26 10:37:18Z  
2023-10-26 13:40:39 [D]             → UpdateShort                            2023-10-26 10:37:31Z  
2023-10-26 13:40:39 [D]             → UpdateShort                            2023-10-26 10:38:19Z  
2023-10-26 13:40:39 [D]             → UpdateShort                            2023-10-26 10:38:25Z  
2023-10-26 13:40:39 [D]             → UpdateShort                            2023-10-26 10:38:45Z  
2023-10-26 13:40:39 [D]             → UpdateShort                            2023-10-26 10:39:01Z  
2023-10-26 13:40:39 [D]             → UpdateShort                            2023-10-26 10:39:48Z  
2023-10-26 13:40:39 [D]             → UpdateShort                            2023-10-26 10:40:13Z  
2023-10-26 13:40:39 [D]             → UpdateShort                            2023-10-26 10:40:20Z  
2023-10-26 13:40:39 [D]             → Updates                                2023-10-26 10:40:20Z  
2023-10-26 13:40:39 [D]             → UpdateShort                            2023-10-26 10:40:32Z  
2023-10-26 13:40:39 [D]             → MsgsAck                                2023-10-26 10:40:39Z (svc) 
2023-10-26 13:40:39 [D] 2>Receiving Updates                                  2023-10-26 10:40:32Z  
2023-10-26 13:40:39 [D] 2>Receiving Updates                                  2023-10-26 10:40:32Z  
2023-10-26 13:40:39 [D] 2>Receiving Updates                                  2023-10-26 10:40:32Z  
2023-10-26 13:40:39 [D] 2>Receiving MsgContainer                             2023-10-26 10:40:39Z (svc)
2023-10-26 13:40:39 [D]             → MsgNewDetailedInfo                     2023-10-26 10:40:39Z (svc) 
2023-10-26 13:40:39 [D]             → MsgNewDetailedInfo                     2023-10-26 10:40:39Z (svc) 
2023-10-26 13:40:39 [D]             → MsgDetailedInfo                        2023-10-26 10:40:39Z (svc) 
2023-10-26 13:40:39 [D]             → MsgDetailedInfo                        2023-10-26 10:40:39Z (svc) 
2023-10-26 13:40:39 [D]             → MsgDetailedInfo                        2023-10-26 10:40:39Z (svc) 
2023-10-26 13:40:39 [D]             → MsgDetailedInfo                        2023-10-26 10:40:39Z (svc) 
2023-10-26 13:40:39 [D]             → MsgDetailedInfo                        2023-10-26 10:40:39Z (svc) 
2023-10-26 13:40:39 [D] 2>Receiving Updates                                  2023-10-26 10:40:39Z  
2023-10-26 13:40:39 [D] 2>Receiving RpcResult                                2023-10-26 10:40:39Z
2023-10-26 13:40:39 [D]              → Config                                #FAC0
2023-10-26 13:40:39 [I] Connected to DC 2... default_p2p_contacts, revoke_pm_inbox
2023-10-26 13:40:39 [D] 2>Sending   MsgContainer                             2023-10-26 10:40:39Z (svc)
2023-10-26 13:40:39 [D]             → Users_GetUsers                         #FAC4
2023-10-26 13:40:39 [D]             → MsgsAck                               
2023-10-26 13:40:39 [D] 2>Receiving RpcResult                                2023-10-26 10:40:39Z
2023-10-26 13:40:39 [D]              → UserBase[]                            #FAC4
2023-10-26 13:40:39 [D] 2>Sending   MsgContainer                             2023-10-26 10:40:39Z (svc)
2023-10-26 13:40:39 [D]             → Messages_GetDialogs                    #FB30
2023-10-26 13:40:39 [D]             → MsgsAck                               
2023-10-26 13:40:39 [D] 2>Receiving RpcResult                                2023-10-26 10:40:39Z
2023-10-26 13:40:39 [D]              → Messages_Dialogs                      #FB30
2023-10-26 13:40:44 [D] 2>Receiving UpdateShortMessage                       2023-10-26 10:40:44Z  
2023-10-26 13:41:03 [!] 2>An exception occured in the reactor: System.IO.IOException: Не удается прочитать данные из транспортного соединения: Сделана попытка выполнить операцию на сокете при отключенной сети. ---> System.Net.Sockets.SocketException: Сделана попытка выполнить операцию на сокете при отключенной сети
   в System.Net.Sockets.Socket.EndReceive(IAsyncResult asyncResult)
   в System.Net.Sockets.NetworkStream.EndRead(IAsyncResult asyncResult)
   --- Конец трассировки внутреннего стека исключений ---
   в System.Net.Sockets.NetworkStream.EndRead(IAsyncResult asyncResult)
   в System.IO.Stream.<>c.<BeginEndReadAsync>b__43_1(Stream stream, IAsyncResult asyncResult)
   в System.Threading.Tasks.TaskFactory`1.FromAsyncTrimPromise`1.Complete(TInstance thisRef, Func`3 endMethod, IAsyncResult asyncResult, Boolean requiresSynchronization)
--- Конец трассировка стека из предыдущего расположения, где возникло исключение ---
   в System.Runtime.CompilerServices.TaskAwaiter.ThrowForNonSuccess(Task task)
   в System.Runtime.CompilerServices.TaskAwaiter.HandleNonSuccessAndDebuggerNotification(Task task)
   в WTelegram.Helpers.<FullReadAsync>d__9.MoveNext()
--- Конец трассировка стека из предыдущего расположения, где возникло исключение ---
   в System.Runtime.CompilerServices.TaskAwaiter.ThrowForNonSuccess(Task task)
   в System.Runtime.CompilerServices.TaskAwaiter.HandleNonSuccessAndDebuggerNotification(Task task)
   в WTelegram.Client.<Reactor>d__90.MoveNext()
2023-10-26 13:41:09 [I] Connecting to 149.154.167.41:443...
2023-10-26 13:41:30 [E] SocketException TimedOut (10060): Попытка установить соединение была безуспешной, т.к. от другого компьютера за требуемое время не получен нужный отклик, или было разорвано уже установленное соединение из-за неверного отклика уже подключенного компьютера 149.154.167.41:443
2023-10-26 13:41:30 [I] Connecting to [2001:67c:4e8:f002::a]:443...
2023-10-26 13:41:33 [I] Loaded previous session
2023-10-26 13:41:33 [D] WTelegramClient 3.5.6 running under .NET Framework 4.8.4180.0
2023-10-26 13:41:33 [I] Connecting to 149.154.167.41:443...
2023-10-26 13:41:54 [E] SocketException TimedOut (10060): Попытка установить соединение была безуспешной, т.к. от другого компьютера за требуемое время не получен нужный отклик, или было разорвано уже установленное соединение из-за неверного отклика уже подключенного компьютера 149.154.167.41:443
2023-10-26 13:41:54 [I] Connecting to [2001:67c:4e8:f002::a]:443...
2023-10-26 13:41:57 [I] Loaded previous session
2023-10-26 13:41:57 [D] WTelegramClient 3.5.6 running under .NET Framework 4.8.4180.0
2023-10-26 13:41:57 [I] Connecting to 149.154.167.41:443...
2023-10-26 13:42:18 [E] SocketException TimedOut (10060): Попытка установить соединение была безуспешной, т.к. от другого компьютера за требуемое время не получен нужный отклик, или было разорвано уже установленное соединение из-за неверного отклика уже подключенного компьютера 149.154.167.41:443
2023-10-26 13:42:18 [I] Connecting to [2001:67c:4e8:f002::a]:443...
2023-10-26 13:42:21 [I] Loaded previous session
2023-10-26 13:42:21 [D] WTelegramClient 3.5.6 running under .NET Framework 4.8.4180.0
2023-10-26 13:42:21 [I] Connecting to 149.154.167.41:443...
2023-10-26 13:42:42 [E] SocketException TimedOut (10060): Попытка установить соединение была безуспешной, т.к. от другого компьютера за требуемое время не получен нужный отклик, или было разорвано уже установленное соединение из-за неверного отклика уже подключенного компьютера 149.154.167.41:443
2023-10-26 13:42:42 [I] Connecting to [2001:67c:4e8:f002::a]:443...
2023-10-26 13:42:45 [I] Loaded previous session
2023-10-26 13:42:45 [D] WTelegramClient 3.5.6 running under .NET Framework 4.8.4180.0
2023-10-26 13:42:45 [I] Connecting to 149.154.167.41:443...
2023-10-26 13:43:06 [E] SocketException TimedOut (10060): Попытка установить соединение была безуспешной, т.к. от другого компьютера за требуемое время не получен нужный отклик, или было разорвано уже установленное соединение из-за неверного отклика уже подключенного компьютера 149.154.167.41:443
2023-10-26 13:43:06 [I] Connecting to [2001:67c:4e8:f002::a]:443...
2023-10-26 13:43:09 [I] Loaded previous session
2023-10-26 13:43:09 [D] WTelegramClient 3.5.6 running under .NET Framework 4.8.4180.0
2023-10-26 13:43:09 [I] Connecting to 149.154.167.41:443...
2023-10-26 13:43:30 [E] SocketException TimedOut (10060): Попытка установить соединение была безуспешной, т.к. от другого компьютера за требуемое время не получен нужный отклик, или было разорвано уже установленное соединение из-за неверного отклика уже подключенного компьютера 149.154.167.41:443
2023-10-26 13:43:30 [I] Connecting to [2001:67c:4e8:f002::a]:443...
2023-10-26 13:43:33 [I] Loaded previous session
2023-10-26 13:43:33 [D] WTelegramClient 3.5.6 running under .NET Framework 4.8.4180.0
2023-10-26 13:43:33 [I] Connecting to 149.154.167.41:443...
2023-10-26 13:43:54 [E] SocketException TimedOut (10060): Попытка установить соединение была безуспешной, т.к. от другого компьютера за требуемое время не получен нужный отклик, или было разорвано уже установленное соединение из-за неверного отклика уже подключенного компьютера 149.154.167.41:443
2023-10-26 13:43:54 [I] Connecting to [2001:67c:4e8:f002::a]:443...
2023-10-26 13:46:53 [I] Loaded previous session
2023-10-26 13:46:53 [D] WTelegramClient 3.5.6 running under .NET Framework 4.8.4180.0
2023-10-26 13:46:53 [I] Connecting to 149.154.167.41:443...
2023-10-26 13:46:53 [D] 2>Sending   InvokeWithLayer`1                        #9016
2023-10-26 13:46:53 [D] 2>Receiving MsgContainer                             2023-10-26 10:46:53Z (svc)
2023-10-26 13:46:53 [D]             → UpdateShortMessage                     2023-10-26 10:40:44Z  
2023-10-26 13:46:53 [D]             → UpdateShort                            2023-10-26 10:41:43Z  
2023-10-26 13:46:53 [D]             → Updates                                2023-10-26 10:41:43Z  
2023-10-26 13:46:53 [D]             → UpdateShort                            2023-10-26 10:41:47Z  
2023-10-26 13:46:53 [D]             → UpdateShort                            2023-10-26 10:42:20Z  
2023-10-26 13:46:53 [D]             → MsgsAck                                2023-10-26 10:46:53Z (svc) 
2023-10-26 13:46:53 [D] 2>Receiving MsgContainer                             2023-10-26 10:46:53Z (svc)
2023-10-26 13:46:53 [D]             → UpdateShort                            2023-10-26 10:43:11Z  
2023-10-26 13:46:53 [D]             → UpdateShort                            2023-10-26 10:43:30Z  
2023-10-26 13:46:53 [D]             → UpdateShort                            2023-10-26 10:44:40Z  
2023-10-26 13:46:53 [D]             → UpdateShort                            2023-10-26 10:44:41Z  
2023-10-26 13:46:53 [D]             → UpdateShort                            2023-10-26 10:44:43Z  
2023-10-26 13:46:53 [D]             → UpdateShort                            2023-10-26 10:44:50Z  
2023-10-26 13:46:53 [D]             → UpdateShort                            2023-10-26 10:45:14Z  
2023-10-26 13:46:53 [D]             → UpdateShort                            2023-10-26 10:45:16Z  
2023-10-26 13:46:53 [D]             → UpdateShort                            2023-10-26 10:45:23Z  
2023-10-26 13:46:53 [D]             → UpdateShort                            2023-10-26 10:45:28Z  
2023-10-26 13:46:53 [D]             → UpdateShort                            2023-10-26 10:45:28Z  
2023-10-26 13:46:53 [D]             → UpdateShort                            2023-10-26 10:46:23Z  
2023-10-26 13:46:53 [D] 2>Receiving MsgContainer                             2023-10-26 10:46:53Z (svc)
2023-10-26 13:46:53 [D]             → Updates                                2023-10-26 10:46:23Z  
2023-10-26 13:46:53 [D]             → Updates                                2023-10-26 10:46:23Z  
2023-10-26 13:46:53 [D]             → UpdateShort                            2023-10-26 10:46:24Z  
2023-10-26 13:46:53 [D]             → UpdateShort                            2023-10-26 10:46:28Z  
2023-10-26 13:46:53 [D] 2>Receiving MsgContainer                             2023-10-26 10:46:53Z (svc)
2023-10-26 13:46:53 [D]             → UpdateShort                            2023-10-26 10:46:30Z  
2023-10-26 13:46:53 [D]             → UpdateShortMessage                     2023-10-26 10:46:48Z  
2023-10-26 13:46:53 [D]             → MsgNewDetailedInfo                     2023-10-26 10:46:53Z (svc) 
2023-10-26 13:46:53 [D]             → MsgNewDetailedInfo                     2023-10-26 10:46:53Z (svc) 
2023-10-26 13:46:53 [D]             → MsgDetailedInfo                        2023-10-26 10:46:53Z (svc) 
2023-10-26 13:46:53 [D]             → MsgDetailedInfo                        2023-10-26 10:46:53Z (svc) 
2023-10-26 13:46:53 [D]             → MsgDetailedInfo                        2023-10-26 10:46:53Z (svc) 
2023-10-26 13:46:53 [D]             → MsgDetailedInfo                        2023-10-26 10:46:53Z (svc) 
2023-10-26 13:46:53 [D]             → MsgDetailedInfo                        2023-10-26 10:46:53Z (svc) 
2023-10-26 13:46:53 [D]             → MsgNewDetailedInfo                     2023-10-26 10:46:53Z (svc) 
2023-10-26 13:46:53 [D]             → MsgNewDetailedInfo                     2023-10-26 10:46:53Z (svc) 
2023-10-26 13:46:53 [D]             → MsgNewDetailedInfo                     2023-10-26 10:46:53Z (svc) 
2023-10-26 13:46:53 [D]             → MsgNewDetailedInfo                     2023-10-26 10:46:53Z (svc) 
2023-10-26 13:46:53 [D]             → MsgDetailedInfo                        2023-10-26 10:46:53Z (svc) 
2023-10-26 13:46:53 [D]             → MsgNewDetailedInfo                     2023-10-26 10:46:53Z (svc) 
2023-10-26 13:46:53 [D]             → MsgNewDetailedInfo                     2023-10-26 10:46:53Z (svc) 
2023-10-26 13:46:53 [D] 2>Receiving RpcResult                                2023-10-26 10:46:53Z
2023-10-26 13:46:53 [D]              → Config                                #9016
2023-10-26 13:46:53 [I] Connected to DC 2... default_p2p_contacts, revoke_pm_inbox
2023-10-26 13:46:53 [D] 2>Sending   MsgContainer                             2023-10-26 10:46:53Z (svc)
2023-10-26 13:46:53 [D]             → Users_GetUsers                         #9012
2023-10-26 13:46:53 [D]             → MsgsAck                               
2023-10-26 13:46:53 [D] 2>Receiving RpcResult                                2023-10-26 10:46:54Z
2023-10-26 13:46:53 [D]              → UserBase[]                            #9012
2023-10-26 13:46:53 [D] 2>Sending   MsgContainer                             2023-10-26 10:46:53Z (svc)
2023-10-26 13:46:53 [D]             → Messages_GetDialogs                    #F126
2023-10-26 13:46:53 [D]             → MsgsAck                               
2023-10-26 13:46:53 [D] 2>Receiving RpcResult                                2023-10-26 10:46:54Z
2023-10-26 13:46:53 [D]              → Messages_Dialogs                      #F126
2023-10-26 13:47:08 [D] 2>Receiving UpdateShort                              2023-10-26 10:47:08Z  
2023-10-26 13:47:12 [D] 2>Receiving UpdateShort                              2023-10-26 10:47:12Z  
2023-10-26 13:47:12 [D] 2>Receiving UpdateShort                              2023-10-26 10:47:13Z  
2023-10-26 13:47:20 [D] 2>Receiving UpdateShort                              2023-10-26 10:47:21Z  
2023-10-26 13:48:42 [I] Loaded previous session
2023-10-26 13:48:42 [D] WTelegramClient 3.5.6 running under .NET Framework 4.8.4180.0
2023-10-26 13:48:42 [I] Connecting to 149.154.167.41:443...
2023-10-26 13:48:42 [D] 2>Sending   InvokeWithLayer`1                        #2E67
2023-10-26 13:48:42 [D] 2>Receiving MsgContainer                             2023-10-26 10:48:42Z (svc)
2023-10-26 13:48:42 [D]             → UpdateShort                            2023-10-26 10:47:07Z  
2023-10-26 13:48:42 [D]             → UpdateShort                            2023-10-26 10:47:11Z  
2023-10-26 13:48:42 [D]             → UpdateShort                            2023-10-26 10:47:12Z  
2023-10-26 13:48:42 [D]             → UpdateShort                            2023-10-26 10:47:20Z  
2023-10-26 13:48:42 [D]             → MsgNewDetailedInfo                     2023-10-26 10:48:42Z (svc) 
2023-10-26 13:48:42 [D]             → MsgNewDetailedInfo                     2023-10-26 10:48:42Z (svc) 
2023-10-26 13:48:42 [D]             → MsgDetailedInfo                        2023-10-26 10:48:42Z (svc) 
2023-10-26 13:48:42 [D]             → MsgDetailedInfo                        2023-10-26 10:48:42Z (svc) 
2023-10-26 13:48:42 [D]             → MsgDetailedInfo                        2023-10-26 10:48:42Z (svc) 
2023-10-26 13:48:42 [D]             → MsgNewDetailedInfo                     2023-10-26 10:48:42Z (svc) 
2023-10-26 13:48:42 [D]             → MsgDetailedInfo                        2023-10-26 10:48:42Z (svc) 
2023-10-26 13:48:42 [D]             → MsgNewDetailedInfo                     2023-10-26 10:48:42Z (svc) 
2023-10-26 13:48:42 [D]             → MsgDetailedInfo                        2023-10-26 10:48:42Z (svc) 
2023-10-26 13:48:42 [D]             → MsgNewDetailedInfo                     2023-10-26 10:48:42Z (svc) 
2023-10-26 13:48:42 [D]             → MsgDetailedInfo                        2023-10-26 10:48:42Z (svc) 
2023-10-26 13:48:42 [D]             → MsgNewDetailedInfo                     2023-10-26 10:48:42Z (svc) 
2023-10-26 13:48:42 [D]             → MsgNewDetailedInfo                     2023-10-26 10:48:42Z (svc) 
2023-10-26 13:48:42 [D]             → MsgNewDetailedInfo                     2023-10-26 10:48:42Z (svc) 
2023-10-26 13:48:42 [D]             → MsgDetailedInfo                        2023-10-26 10:48:42Z (svc) 
2023-10-26 13:48:42 [D]             → MsgsAck                                2023-10-26 10:48:42Z (svc) 
2023-10-26 13:48:42 [D] 2>Receiving RpcResult                                2023-10-26 10:48:42Z
2023-10-26 13:48:42 [D]              → Config                                #2E67
2023-10-26 13:48:42 [I] Connected to DC 2... default_p2p_contacts, revoke_pm_inbox
2023-10-26 13:48:42 [D] 2>Sending   MsgContainer                             2023-10-26 10:48:42Z (svc)
2023-10-26 13:48:42 [D]             → Users_GetUsers                         #8DB8
2023-10-26 13:48:42 [D]             → MsgsAck                               
2023-10-26 13:48:42 [D] 2>Receiving RpcResult                                2023-10-26 10:48:42Z
2023-10-26 13:48:42 [D]              → UserBase[]                            #8DB8
2023-10-26 13:48:42 [D] 2>Sending   MsgContainer                             2023-10-26 10:48:42Z (svc)
2023-10-26 13:48:42 [D]             → Messages_GetDialogs                    #08A4
2023-10-26 13:48:42 [D]             → MsgsAck                               
2023-10-26 13:48:43 [D] 2>Receiving RpcResult                                2023-10-26 10:48:42Z
2023-10-26 13:48:43 [D]              → Messages_Dialogs                      #08A4
2023-10-26 13:48:49 [!] 2>An exception occured in the reactor: System.IO.IOException: Не удается прочитать данные из транспортного соединения: Сделана попытка выполнить операцию на сокете при отключенной сети. ---> System.Net.Sockets.SocketException: Сделана попытка выполнить операцию на сокете при отключенной сети
   в System.Net.Sockets.Socket.EndReceive(IAsyncResult asyncResult)
   в System.Net.Sockets.NetworkStream.EndRead(IAsyncResult asyncResult)
   --- Конец трассировки внутреннего стека исключений ---
   в System.Net.Sockets.NetworkStream.EndRead(IAsyncResult asyncResult)
   в System.IO.Stream.<>c.<BeginEndReadAsync>b__43_1(Stream stream, IAsyncResult asyncResult)
   в System.Threading.Tasks.TaskFactory`1.FromAsyncTrimPromise`1.Complete(TInstance thisRef, Func`3 endMethod, IAsyncResult asyncResult, Boolean requiresSynchronization)
--- Конец трассировка стека из предыдущего расположения, где возникло исключение ---
   в System.Runtime.CompilerServices.TaskAwaiter.ThrowForNonSuccess(Task task)
   в System.Runtime.CompilerServices.TaskAwaiter.HandleNonSuccessAndDebuggerNotification(Task task)
   в WTelegram.Helpers.<FullReadAsync>d__9.MoveNext()
--- Конец трассировка стека из предыдущего расположения, где возникло исключение ---
   в System.Runtime.CompilerServices.TaskAwaiter.ThrowForNonSuccess(Task task)
   в System.Runtime.CompilerServices.TaskAwaiter.HandleNonSuccessAndDebuggerNotification(Task task)
   в WTelegram.Client.<Reactor>d__90.MoveNext()
2023-10-26 13:48:55 [I] Connecting to 149.154.167.41:443...
2023-10-26 13:49:17 [E] SocketException TimedOut (10060): Попытка установить соединение была безуспешной, т.к. от другого компьютера за требуемое время не получен нужный отклик, или было разорвано уже установленное соединение из-за неверного отклика уже подключенного компьютера 149.154.167.41:443
2023-10-26 13:49:17 [I] Connecting to [2001:67c:4e8:f002::a]:443...
2023-10-26 13:49:20 [I] Loaded previous session
2023-10-26 13:49:20 [D] WTelegramClient 3.5.6 running under .NET Framework 4.8.4180.0
2023-10-26 13:49:20 [I] Connecting to 149.154.167.41:443...
2023-10-26 13:49:41 [E] SocketException TimedOut (10060): Попытка установить соединение была безуспешной, т.к. от другого компьютера за требуемое время не получен нужный отклик, или было разорвано уже установленное соединение из-за неверного отклика уже подключенного компьютера 149.154.167.41:443
2023-10-26 13:49:41 [I] Connecting to [2001:67c:4e8:f002::a]:443...
2023-10-26 13:49:44 [I] Loaded previous session
2023-10-26 13:49:44 [D] WTelegramClient 3.5.6 running under .NET Framework 4.8.4180.0
2023-10-26 13:49:44 [I] Connecting to 149.154.167.41:443...
2023-10-26 13:50:05 [E] SocketException TimedOut (10060): Попытка установить соединение была безуспешной, т.к. от другого компьютера за требуемое время не получен нужный отклик, или было разорвано уже установленное соединение из-за неверного отклика уже подключенного компьютера 149.154.167.41:443
2023-10-26 13:50:05 [I] Connecting to [2001:67c:4e8:f002::a]:443...
2023-10-26 13:50:08 [I] Loaded previous session
2023-10-26 13:50:08 [D] WTelegramClient 3.5.6 running under .NET Framework 4.8.4180.0
2023-10-26 13:50:08 [I] Connecting to 149.154.167.41:443...
2023-10-26 13:50:29 [E] SocketException TimedOut (10060): Попытка установить соединение была безуспешной, т.к. от другого компьютера за требуемое время не получен нужный отклик, или было разорвано уже установленное соединение из-за неверного отклика уже подключенного компьютера 149.154.167.41:443
2023-10-26 13:50:29 [I] Connecting to [2001:67c:4e8:f002::a]:443...
2023-10-26 13:50:32 [I] Loaded previous session
2023-10-26 13:50:32 [D] WTelegramClient 3.5.6 running under .NET Framework 4.8.4180.0
2023-10-26 13:50:32 [I] Connecting to 149.154.167.41:443...
2023-10-26 13:50:32 [D] 2>Sending   InvokeWithLayer`1                        #4575
2023-10-26 13:50:32 [D] 2>Receiving MsgContainer                             2023-10-26 10:50:32Z (svc)
2023-10-26 13:50:32 [D]             → MsgNewDetailedInfo                     2023-10-26 10:50:32Z (svc) 
2023-10-26 13:50:32 [D]             → MsgNewDetailedInfo                     2023-10-26 10:50:32Z (svc) 
2023-10-26 13:50:32 [D]             → MsgDetailedInfo                        2023-10-26 10:50:32Z (svc) 
2023-10-26 13:50:32 [D]             → MsgDetailedInfo                        2023-10-26 10:50:32Z (svc) 
2023-10-26 13:50:32 [D]             → MsgDetailedInfo                        2023-10-26 10:50:32Z (svc) 
2023-10-26 13:50:32 [D]             → MsgNewDetailedInfo                     2023-10-26 10:50:32Z (svc) 
2023-10-26 13:50:32 [D]             → MsgDetailedInfo                        2023-10-26 10:50:32Z (svc) 
2023-10-26 13:50:32 [D]             → MsgNewDetailedInfo                     2023-10-26 10:50:32Z (svc) 
2023-10-26 13:50:32 [D]             → MsgDetailedInfo                        2023-10-26 10:50:32Z (svc) 
2023-10-26 13:50:32 [D]             → MsgNewDetailedInfo                     2023-10-26 10:50:32Z (svc) 
2023-10-26 13:50:32 [D]             → MsgDetailedInfo                        2023-10-26 10:50:32Z (svc) 
2023-10-26 13:50:32 [D]             → MsgNewDetailedInfo                     2023-10-26 10:50:32Z (svc) 
2023-10-26 13:50:32 [D]             → MsgDetailedInfo                        2023-10-26 10:50:32Z (svc) 
2023-10-26 13:50:32 [D]             → MsgNewDetailedInfo                     2023-10-26 10:50:32Z (svc) 
2023-10-26 13:50:32 [D]             → MsgNewDetailedInfo                     2023-10-26 10:50:32Z (svc) 
2023-10-26 13:50:32 [D]             → MsgDetailedInfo                        2023-10-26 10:50:32Z (svc) 
2023-10-26 13:50:32 [D]             → UpdateShort                            2023-10-26 10:50:32Z  
2023-10-26 13:50:32 [D]             → MsgsAck                                2023-10-26 10:50:32Z (svc) 
2023-10-26 13:50:32 [D] 2>Receiving RpcResult                                2023-10-26 10:50:32Z
2023-10-26 13:50:32 [D]              → Config                                #4575
2023-10-26 13:50:32 [I] Connected to DC 2... default_p2p_contacts, revoke_pm_inbox
2023-10-26 13:50:32 [D] 2>Sending   MsgContainer                             2023-10-26 10:50:32Z (svc)
2023-10-26 13:50:32 [D]             → Users_GetUsers                         #9AB2
2023-10-26 13:50:32 [D]             → MsgsAck                               
2023-10-26 13:50:32 [D] 2>Receiving RpcResult                                2023-10-26 10:50:32Z
2023-10-26 13:50:32 [D]              → UserBase[]                            #9AB2
2023-10-26 13:50:32 [D] 2>Sending   MsgContainer                             2023-10-26 10:50:32Z (svc)
2023-10-26 13:50:32 [D]             → Messages_GetDialogs                    #D6A2
2023-10-26 13:50:32 [D]             → MsgsAck                               
2023-10-26 13:50:32 [D] 2>Receiving RpcResult                                2023-10-26 10:50:32Z
2023-10-26 13:50:32 [D]              → Messages_Dialogs                      #D6A2
2023-10-26 13:50:58 [D] 2>Sending   MsgContainer                             2023-10-26 10:50:57Z (svc)
2023-10-26 13:50:58 [D]             → Messages_GetHistory                    #A783
2023-10-26 13:50:58 [D]             → MsgsAck                               
2023-10-26 13:50:58 [D] 2>Receiving RpcResult                                2023-10-26 10:50:57Z
2023-10-26 13:50:58 [D]              → Messages_Messages                     #A783
2023-10-26 13:50:58 [D] 2>Sending   MsgContainer                             2023-10-26 10:50:57Z (svc)
2023-10-26 13:50:58 [D]             → Messages_GetDialogs                    #C643
2023-10-26 13:50:58 [D]             → MsgsAck                               
2023-10-26 13:50:58 [D] 2>Receiving RpcResult                                2023-10-26 10:50:58Z
2023-10-26 13:50:58 [D]              → Messages_Dialogs                      #C643
2023-10-26 13:50:58 [D] 2>Sending   MsgContainer                             2023-10-26 10:50:58Z (svc)
2023-10-26 13:50:58 [D]             → Messages_GetHistory                    #EA40
2023-10-26 13:50:58 [D]             → MsgsAck                               
2023-10-26 13:50:58 [D] 2>Receiving RpcResult                                2023-10-26 10:50:58Z
2023-10-26 13:50:58 [D]              → Messages_ChannelMessages              #EA40
2023-10-26 13:51:04 [D] 2>Receiving UpdateShort                              2023-10-26 10:51:04Z  
2023-10-26 13:51:32 [D] 2>Sending   MsgContainer                             2023-10-26 10:51:31Z (svc)
2023-10-26 13:51:32 [D]             → PingDelayDisconnect                    #2239
2023-10-26 13:51:32 [D]             → MsgsAck                               
2023-10-26 13:51:32 [D] 2>Receiving MsgContainer                             2023-10-26 10:51:32Z (svc)
2023-10-26 13:51:32 [D]             → Pong                                   2023-10-26 10:51:32Z (svc) 
2023-10-26 13:51:32 [D]             → Updates                                2023-10-26 10:51:32Z  
2023-10-26 13:51:43 [D] 2>Sending   MsgContainer                             2023-10-26 10:51:42Z (svc)
2023-10-26 13:51:43 [D]             → Messages_GetHistory                    #08FC
2023-10-26 13:51:43 [D]             → MsgsAck                               
2023-10-26 13:51:43 [D] 2>Receiving MsgContainer                             2023-10-26 10:51:43Z (svc)
2023-10-26 13:51:43 [D]             → Updates                                2023-10-26 10:51:43Z  
2023-10-26 13:51:43 [D]             → MsgsAck                                2023-10-26 10:51:43Z (svc) 
2023-10-26 13:51:43 [D] 2>Receiving Updates                                  2023-10-26 10:51:43Z  
2023-10-26 13:51:43 [D] 2>Receiving RpcResult                                2023-10-26 10:51:43Z
2023-10-26 13:51:43 [D]              → Messages_Messages                     #08FC
2023-10-26 13:51:43 [D] 2>Sending   MsgContainer                             2023-10-26 10:51:42Z (svc)
2023-10-26 13:51:43 [D]             → Messages_GetDialogs                    #C200
2023-10-26 13:51:43 [D]             → MsgsAck                               
2023-10-26 13:51:43 [D] 2>Receiving RpcResult                                2023-10-26 10:51:43Z
2023-10-26 13:51:43 [D]              → Messages_Dialogs                      #C200
2023-10-26 13:51:43 [D] 2>Sending   MsgContainer                             2023-10-26 10:51:43Z (svc)
2023-10-26 13:51:43 [D]             → Messages_GetHistory                    #6CC5
2023-10-26 13:51:43 [D]             → MsgsAck                               
2023-10-26 13:51:43 [D] 2>Receiving RpcResult                                2023-10-26 10:51:43Z
2023-10-26 13:51:44 [D]              → Messages_ChannelMessages              #6CC5
2023-10-26 13:51:44 [D] 2>Sending   MsgContainer                             2023-10-26 10:51:43Z (svc)
2023-10-26 13:51:44 [D]             → Messages_GetDialogs                    #9435
2023-10-26 13:51:44 [D]             → MsgsAck                               
2023-10-26 13:51:44 [D] 2>Receiving RpcResult                                2023-10-26 10:51:43Z
2023-10-26 13:51:44 [D]              → Messages_Dialogs                      #9435
2023-10-26 13:51:44 [D] 2>Sending   MsgContainer                             2023-10-26 10:51:43Z (svc)
2023-10-26 13:51:44 [D]             → Messages_ForwardMessages               #2179
2023-10-26 13:51:44 [D]             → MsgsAck                               
2023-10-26 13:51:44 [D] 2>Receiving RpcResult                                2023-10-26 10:51:43Z
2023-10-26 13:51:44 [D]              → Updates                               #2179
2023-10-26 13:51:44 [D] 2>Sending   MsgContainer                             2023-10-26 10:51:43Z (svc)
2023-10-26 13:51:44 [D]             → Messages_GetDialogs                    #06BD
2023-10-26 13:51:44 [D]             → MsgsAck                               
2023-10-26 13:51:44 [D] 2>Receiving RpcResult                                2023-10-26 10:51:44Z
2023-10-26 13:51:44 [D]              → Messages_Dialogs                      #06BD
2023-10-26 13:51:44 [D] 2>Sending   MsgContainer                             2023-10-26 10:51:44Z (svc)
2023-10-26 13:51:44 [D]             → Messages_ForwardMessages               #6A12
2023-10-26 13:51:44 [D]             → MsgsAck                               
2023-10-26 13:51:44 [D] 2>Receiving RpcResult                                2023-10-26 10:51:44Z
2023-10-26 13:51:44 [D]              → Updates                               #6A12
2023-10-26 13:58:44 [I] Loaded previous session
2023-10-26 13:58:44 [D] WTelegramClient 3.5.6 running under .NET Framework 4.8.4180.0
2023-10-26 13:58:44 [I] Connecting to 149.154.167.41:443...
2023-10-26 13:59:05 [E] SocketException TimedOut (10060): Попытка установить соединение была безуспешной, т.к. от другого компьютера за требуемое время не получен нужный отклик, или было разорвано уже установленное соединение из-за неверного отклика уже подключенного компьютера 149.154.167.41:443
2023-10-26 13:59:05 [I] Connecting to [2001:67c:4e8:f002::a]:443...
2023-10-26 13:59:23 [I] Loaded previous session
2023-10-26 13:59:23 [D] WTelegramClient 3.5.6 running under .NET Framework 4.8.4180.0
2023-10-26 13:59:23 [I] Connecting to 149.154.167.41:443...
2023-10-26 13:59:23 [D] 2>Sending   InvokeWithLayer`1                        #5AF9
2023-10-26 13:59:24 [D] 2>Receiving MsgContainer                             2023-10-26 10:59:24Z (svc)
2023-10-26 13:59:24 [D]             → Updates                                2023-10-26 10:52:05Z  
2023-10-26 13:59:24 [D]             → Updates                                2023-10-26 10:52:05Z  
2023-10-26 13:59:24 [D]             → Updates                                2023-10-26 10:52:19Z  
2023-10-26 13:59:24 [D]             → UpdateShort                            2023-10-26 10:52:22Z  
2023-10-26 13:59:24 [D]             → UpdateShort                            2023-10-26 10:52:30Z  
2023-10-26 13:59:24 [D]             → UpdateShort                            2023-10-26 10:52:30Z  
2023-10-26 13:59:24 [D]             → UpdateShort                            2023-10-26 10:52:32Z  
2023-10-26 13:59:24 [D]             → UpdateShort                            2023-10-26 10:52:52Z  
2023-10-26 13:59:24 [D]             → MsgsAck                                2023-10-26 10:59:24Z (svc) 
2023-10-26 13:59:24 [D] 2>Receiving MsgContainer                             2023-10-26 10:59:24Z (svc)
2023-10-26 13:59:24 [D]             → Updates                                2023-10-26 10:52:52Z  
2023-10-26 13:59:24 [D]             → UpdateShort                            2023-10-26 10:53:29Z  
2023-10-26 13:59:24 [D]             → UpdateShort                            2023-10-26 10:53:31Z  
2023-10-26 13:59:24 [D]             → UpdateShort                            2023-10-26 10:53:31Z  
2023-10-26 13:59:24 [D]             → UpdateShort                            2023-10-26 10:53:40Z  
2023-10-26 13:59:24 [D]             → UpdateShort                            2023-10-26 10:53:43Z  
2023-10-26 13:59:24 [D]             → UpdateShort                            2023-10-26 10:54:42Z  
2023-10-26 13:59:24 [D] 2>Receiving MsgContainer                             2023-10-26 10:59:24Z (svc)
2023-10-26 13:59:24 [D]             → Updates                                2023-10-26 10:54:42Z  
2023-10-26 13:59:24 [D]             → UpdateShort                            2023-10-26 10:54:46Z  
2023-10-26 13:59:24 [D]             → UpdateShort                            2023-10-26 10:56:11Z  
2023-10-26 13:59:24 [D]             → UpdateShort                            2023-10-26 10:56:13Z  
2023-10-26 13:59:24 [D]             → UpdateShort                            2023-10-26 10:56:14Z  
2023-10-26 13:59:24 [D]             → UpdateShort                            2023-10-26 10:56:15Z  
2023-10-26 13:59:24 [D]             → UpdateShort                            2023-10-26 10:56:19Z  
2023-10-26 13:59:24 [D]             → UpdateShort                            2023-10-26 10:56:24Z  
2023-10-26 13:59:24 [D]             → UpdateShort                            2023-10-26 10:56:41Z  
2023-10-26 13:59:24 [D] 2>Receiving MsgContainer                             2023-10-26 10:59:24Z (svc)
2023-10-26 13:59:24 [D]             → UpdateShort                            2023-10-26 10:56:42Z  
2023-10-26 13:59:24 [D]             → UpdateShort                            2023-10-26 10:56:45Z  
2023-10-26 13:59:24 [D]             → UpdateShort                            2023-10-26 10:56:46Z  
2023-10-26 13:59:24 [D]             → Updates                                2023-10-26 10:56:46Z  
2023-10-26 13:59:24 [D]             → UpdateShort                            2023-10-26 10:56:48Z  
2023-10-26 13:59:24 [D]             → UpdateShort                            2023-10-26 10:56:49Z  
2023-10-26 13:59:24 [D]             → UpdateShort                            2023-10-26 10:58:04Z  
2023-10-26 13:59:24 [D]             → UpdateShort                            2023-10-26 10:58:23Z  
2023-10-26 13:59:24 [D]             → MsgNewDetailedInfo                     2023-10-26 10:59:24Z (svc) 
2023-10-26 13:59:24 [D]             → MsgNewDetailedInfo                     2023-10-26 10:59:24Z (svc) 
2023-10-26 13:59:24 [D]             → MsgDetailedInfo                        2023-10-26 10:59:24Z (svc) 
2023-10-26 13:59:24 [D]             → MsgDetailedInfo                        2023-10-26 10:59:24Z (svc) 
2023-10-26 13:59:24 [D]             → MsgDetailedInfo                        2023-10-26 10:59:24Z (svc) 
2023-10-26 13:59:24 [D]             → MsgNewDetailedInfo                     2023-10-26 10:59:24Z (svc) 
2023-10-26 13:59:24 [D]             → MsgDetailedInfo                        2023-10-26 10:59:24Z (svc) 
2023-10-26 13:59:24 [D] 2>Receiving MsgContainer                             2023-10-26 10:59:24Z (svc)
2023-10-26 13:59:24 [D]             → MsgNewDetailedInfo                     2023-10-26 10:59:24Z (svc) 
2023-10-26 13:59:24 [D]             → MsgDetailedInfo                        2023-10-26 10:59:24Z (svc) 
2023-10-26 13:59:24 [D]             → MsgNewDetailedInfo                     2023-10-26 10:59:24Z (svc) 
2023-10-26 13:59:24 [D]             → MsgDetailedInfo                        2023-10-26 10:59:24Z (svc) 
2023-10-26 13:59:24 [D]             → MsgNewDetailedInfo                     2023-10-26 10:59:24Z (svc) 
2023-10-26 13:59:24 [D]             → MsgDetailedInfo                        2023-10-26 10:59:24Z (svc) 
2023-10-26 13:59:24 [D]             → MsgNewDetailedInfo                     2023-10-26 10:59:24Z (svc) 
2023-10-26 13:59:24 [D]             → MsgNewDetailedInfo                     2023-10-26 10:59:24Z (svc) 
2023-10-26 13:59:24 [D]             → MsgNewDetailedInfo                     2023-10-26 10:59:24Z (svc) 
2023-10-26 13:59:24 [D]             → MsgDetailedInfo                        2023-10-26 10:59:24Z (svc) 
2023-10-26 13:59:24 [D]             → MsgNewDetailedInfo                     2023-10-26 10:59:24Z (svc) 
2023-10-26 13:59:24 [D]             → MsgDetailedInfo                        2023-10-26 10:59:24Z (svc) 
2023-10-26 13:59:24 [D]             → MsgNewDetailedInfo                     2023-10-26 10:59:24Z (svc) 
2023-10-26 13:59:24 [D]             → MsgNewDetailedInfo                     2023-10-26 10:59:24Z (svc) 
2023-10-26 13:59:24 [D]             → Updates                                2023-10-26 10:59:24Z  
2023-10-26 13:59:24 [D] 2>Receiving Updates                                  2023-10-26 10:59:24Z  
2023-10-26 13:59:24 [D] 2>Receiving Updates                                  2023-10-26 10:59:24Z  
2023-10-26 13:59:24 [D] 2>Receiving RpcResult                                2023-10-26 10:59:24Z
2023-10-26 13:59:24 [D]              → Config                                #5AF9
2023-10-26 13:59:24 [I] Connected to DC 2... default_p2p_contacts, revoke_pm_inbox
2023-10-26 13:59:24 [D] 2>Sending   MsgContainer                             2023-10-26 10:59:24Z (svc)
2023-10-26 13:59:24 [D]             → Users_GetUsers                         #5AE5
2023-10-26 13:59:24 [D]             → MsgsAck                               
2023-10-26 13:59:24 [D] 2>Receiving RpcResult                                2023-10-26 10:59:24Z
2023-10-26 13:59:24 [D]              → UserBase[]                            #5AE5
2023-10-26 13:59:24 [D] 2>Sending   MsgContainer                             2023-10-26 10:59:24Z (svc)
2023-10-26 13:59:24 [D]             → Messages_GetDialogs                    #5AE9
2023-10-26 13:59:24 [D]             → MsgsAck                               
2023-10-26 13:59:24 [D] 2>Receiving RpcResult                                2023-10-26 10:59:25Z
2023-10-26 13:59:24 [D]              → Messages_Dialogs                      #5AE9
2023-10-26 13:59:44 [!] 2>An exception occured in the reactor: System.IO.IOException: Не удается прочитать данные из транспортного соединения: Сделана попытка выполнить операцию на сокете при отключенной сети. ---> System.Net.Sockets.SocketException: Сделана попытка выполнить операцию на сокете при отключенной сети
   в System.Net.Sockets.Socket.EndReceive(IAsyncResult asyncResult)
   в System.Net.Sockets.NetworkStream.EndRead(IAsyncResult asyncResult)
   --- Конец трассировки внутреннего стека исключений ---
   в System.Net.Sockets.NetworkStream.EndRead(IAsyncResult asyncResult)
   в System.IO.Stream.<>c.<BeginEndReadAsync>b__43_1(Stream stream, IAsyncResult asyncResult)
   в System.Threading.Tasks.TaskFactory`1.FromAsyncTrimPromise`1.Complete(TInstance thisRef, Func`3 endMethod, IAsyncResult asyncResult, Boolean requiresSynchronization)
--- Конец трассировка стека из предыдущего расположения, где возникло исключение ---
   в System.Runtime.CompilerServices.TaskAwaiter.ThrowForNonSuccess(Task task)
   в System.Runtime.CompilerServices.TaskAwaiter.HandleNonSuccessAndDebuggerNotification(Task task)
   в WTelegram.Helpers.<FullReadAsync>d__9.MoveNext()
--- Конец трассировка стека из предыдущего расположения, где возникло исключение ---
   в System.Runtime.CompilerServices.TaskAwaiter.ThrowForNonSuccess(Task task)
   в System.Runtime.CompilerServices.TaskAwaiter.HandleNonSuccessAndDebuggerNotification(Task task)
   в WTelegram.Client.<Reactor>d__90.MoveNext()
2023-10-26 13:59:50 [I] Connecting to 149.154.167.41:443...
2023-10-26 14:00:11 [E] SocketException TimedOut (10060): Попытка установить соединение была безуспешной, т.к. от другого компьютера за требуемое время не получен нужный отклик, или было разорвано уже установленное соединение из-за неверного отклика уже подключенного компьютера 149.154.167.41:443
2023-10-26 14:00:11 [I] Connecting to [2001:67c:4e8:f002::a]:443...
